<?xml version="1.0" encoding="UTF-8"?>
<!-- Generated by org.testng.reporters.JUnitXMLReporter -->
<testsuite ignored="0" hostname="DESKTOP-ID7L0CI" failures="0" tests="4" name="Test" time="56.226" errors="0" timestamp="2024-09-09T10:50:58 IST">
  <testcase classname="testCases.TC01_AccountRegistrationTest" name="verify_account_registration" time="6.679"/>
  <testcase classname="testCases.TC02_LoginTest" name="verify_login" time="4.865"/>
  <testcase classname="testCases.TC04_SearchProductTest" name="verify_pruductSearch" time="2.525"/>
  <testcase classname="testCases.TC05_AddToCartPageTest" name="verify_addToCart" time="3.276"/>
</testsuite> <!-- Test -->
