<?xml version="1.0" encoding="UTF-8"?>
<testng-results ignored="0" total="4" passed="4" failed="0" skipped="0">
  <reporter-output>
  </reporter-output>
  <suite started-at="2024-09-09T10:49:58 IST" name="master Suite" finished-at="2024-09-09T10:50:55 IST" duration-ms="56226">
    <groups>
      <group name="Master">
        <method signature="TC01_AccountRegistrationTest.verify_account_registration()[pri:0, instance:testCases.TC01_AccountRegistrationTest@8c3b9d]" name="verify_account_registration" class="testCases.TC01_AccountRegistrationTest"/>
        <method signature="TC02_LoginTest.verify_login()[pri:0, instance:testCases.TC02_LoginTest@192c3f1e]" name="verify_login" class="testCases.TC02_LoginTest"/>
        <method signature="TC04_SearchProductTest.verify_pruductSearch()[pri:0, instance:testCases.TC04_SearchProductTest@26b3fd41]" name="verify_pruductSearch" class="testCases.TC04_SearchProductTest"/>
        <method signature="TC05_AddToCartPageTest.verify_addToCart()[pri:0, instance:testCases.TC05_AddToCartPageTest@7494f96a]" name="verify_addToCart" class="testCases.TC05_AddToCartPageTest"/>
      </group> <!-- Master -->
      <group name="Sanity">
        <method signature="TC02_LoginTest.verify_login()[pri:0, instance:testCases.TC02_LoginTest@192c3f1e]" name="verify_login" class="testCases.TC02_LoginTest"/>
      </group> <!-- Sanity -->
      <group name="Regression">
        <method signature="TC01_AccountRegistrationTest.verify_account_registration()[pri:0, instance:testCases.TC01_AccountRegistrationTest@8c3b9d]" name="verify_account_registration" class="testCases.TC01_AccountRegistrationTest"/>
      </group> <!-- Regression -->
    </groups>
    <test started-at="2024-09-09T10:49:58 IST" name="Test" finished-at="2024-09-09T10:50:55 IST" duration-ms="56226">
      <class name="testCases.TC01_AccountRegistrationTest">
        <test-method is-config="true" signature="setup(java.lang.String,java.lang.String)[pri:0, instance:testCases.TC01_AccountRegistrationTest@8c3b9d]" started-at="2024-09-09T10:50:01 IST" name="setup" finished-at="2024-09-09T10:50:17 IST" duration-ms="16362" status="PASS">
          <params>
            <param index="0">
              <value>
                <![CDATA[Windows]]>
              </value>
            </param>
            <param index="1">
              <value>
                <![CDATA[chrome]]>
              </value>
            </param>
          </params>
          <reporter-output>
          </reporter-output>
        </test-method> <!-- setup -->
        <test-method signature="verify_account_registration()[pri:0, instance:testCases.TC01_AccountRegistrationTest@8c3b9d]" started-at="2024-09-09T10:50:17 IST" name="verify_account_registration" finished-at="2024-09-09T10:50:24 IST" duration-ms="6679" status="PASS">
          <reporter-output>
          </reporter-output>
        </test-method> <!-- verify_account_registration -->
        <test-method is-config="true" signature="tearDown()[pri:0, instance:testCases.TC01_AccountRegistrationTest@8c3b9d]" started-at="2024-09-09T10:50:24 IST" name="tearDown" finished-at="2024-09-09T10:50:25 IST" duration-ms="1016" status="PASS">
          <reporter-output>
          </reporter-output>
        </test-method> <!-- tearDown -->
      </class> <!-- testCases.TC01_AccountRegistrationTest -->
      <class name="testCases.TC04_SearchProductTest">
        <test-method is-config="true" signature="setup(java.lang.String,java.lang.String)[pri:0, instance:testCases.TC04_SearchProductTest@26b3fd41]" started-at="2024-09-09T10:50:37 IST" name="setup" finished-at="2024-09-09T10:50:42 IST" duration-ms="5564" status="PASS">
          <params>
            <param index="0">
              <value>
                <![CDATA[Windows]]>
              </value>
            </param>
            <param index="1">
              <value>
                <![CDATA[chrome]]>
              </value>
            </param>
          </params>
          <reporter-output>
          </reporter-output>
        </test-method> <!-- setup -->
        <test-method signature="verify_pruductSearch()[pri:0, instance:testCases.TC04_SearchProductTest@26b3fd41]" started-at="2024-09-09T10:50:42 IST" name="verify_pruductSearch" finished-at="2024-09-09T10:50:45 IST" duration-ms="2525" status="PASS">
          <reporter-output>
          </reporter-output>
        </test-method> <!-- verify_pruductSearch -->
        <test-method is-config="true" signature="tearDown()[pri:0, instance:testCases.TC04_SearchProductTest@26b3fd41]" started-at="2024-09-09T10:50:45 IST" name="tearDown" finished-at="2024-09-09T10:50:46 IST" duration-ms="890" status="PASS">
          <reporter-output>
          </reporter-output>
        </test-method> <!-- tearDown -->
      </class> <!-- testCases.TC04_SearchProductTest -->
      <class name="testCases.TC05_AddToCartPageTest">
        <test-method is-config="true" signature="setup(java.lang.String,java.lang.String)[pri:0, instance:testCases.TC05_AddToCartPageTest@7494f96a]" started-at="2024-09-09T10:50:46 IST" name="setup" finished-at="2024-09-09T10:50:51 IST" duration-ms="5086" status="PASS">
          <params>
            <param index="0">
              <value>
                <![CDATA[Windows]]>
              </value>
            </param>
            <param index="1">
              <value>
                <![CDATA[chrome]]>
              </value>
            </param>
          </params>
          <reporter-output>
          </reporter-output>
        </test-method> <!-- setup -->
        <test-method signature="verify_addToCart()[pri:0, instance:testCases.TC05_AddToCartPageTest@7494f96a]" started-at="2024-09-09T10:50:51 IST" name="verify_addToCart" finished-at="2024-09-09T10:50:54 IST" duration-ms="3276" status="PASS">
          <reporter-output>
          </reporter-output>
        </test-method> <!-- verify_addToCart -->
        <test-method is-config="true" signature="tearDown()[pri:0, instance:testCases.TC05_AddToCartPageTest@7494f96a]" started-at="2024-09-09T10:50:54 IST" name="tearDown" finished-at="2024-09-09T10:50:55 IST" duration-ms="663" status="PASS">
          <reporter-output>
          </reporter-output>
        </test-method> <!-- tearDown -->
      </class> <!-- testCases.TC05_AddToCartPageTest -->
      <class name="testCases.TC02_LoginTest">
        <test-method is-config="true" signature="setup(java.lang.String,java.lang.String)[pri:0, instance:testCases.TC02_LoginTest@192c3f1e]" started-at="2024-09-09T10:50:25 IST" name="setup" finished-at="2024-09-09T10:50:31 IST" duration-ms="5490" status="PASS">
          <params>
            <param index="0">
              <value>
                <![CDATA[Windows]]>
              </value>
            </param>
            <param index="1">
              <value>
                <![CDATA[chrome]]>
              </value>
            </param>
          </params>
          <reporter-output>
          </reporter-output>
        </test-method> <!-- setup -->
        <test-method signature="verify_login()[pri:0, instance:testCases.TC02_LoginTest@192c3f1e]" started-at="2024-09-09T10:50:31 IST" name="verify_login" finished-at="2024-09-09T10:50:36 IST" duration-ms="4865" status="PASS">
          <reporter-output>
          </reporter-output>
        </test-method> <!-- verify_login -->
        <test-method is-config="true" signature="tearDown()[pri:0, instance:testCases.TC02_LoginTest@192c3f1e]" started-at="2024-09-09T10:50:36 IST" name="tearDown" finished-at="2024-09-09T10:50:37 IST" duration-ms="1087" status="PASS">
          <reporter-output>
          </reporter-output>
        </test-method> <!-- tearDown -->
      </class> <!-- testCases.TC02_LoginTest -->
    </test> <!-- Test -->
  </suite> <!-- master Suite -->
</testng-results>
